CONFIG
├── datamodule
│   └── _target_: src.datamodules.cifar_datamodule.CIFAR10DataModule            
│       data_dir: /content/EML20_session04_assignment/data/                     
│       batch_size: 128                                                         
│       train_val_test_split:                                                   
│       - 45000                                                                 
│       - 5000                                                                  
│       - 10000                                                                 
│       num_workers: 0                                                          
│       pin_memory: false                                                       
│                                                                               
├── model
│   └── _target_: src.models.timm_module.TIMMLitModule                          
│       optimizer:                                                              
│         _target_: torch.optim.SGD                                             
│         _partial_: true                                                       
│         lr: 0.0224                                                            
│         weight_decay: 0.0                                                     
│       net:                                                                    
│         _target_: timm.create_model                                           
│         model_name: resnet18                                                  
│         pretrained: true                                                      
│         num_classes: 10                                                       
│                                                                               
├── callbacks
│   └── model_checkpoint:                                                       
│         _target_: pytorch_lightning.callbacks.ModelCheckpoint                 
│         dirpath: /content/EML20_session04_assignment/logs/train/runs/2022-10-0
│         filename: epoch_{epoch:03d}                                           
│         monitor: val/acc                                                      
│         verbose: false                                                        
│         save_last: true                                                       
│         save_top_k: 1                                                         
│         mode: max                                                             
│         auto_insert_metric_name: false                                        
│         save_weights_only: false                                              
│         every_n_train_steps: null                                             
│         train_time_interval: null                                             
│         every_n_epochs: null                                                  
│         save_on_train_epoch_end: null                                         
│       early_stopping:                                                         
│         _target_: pytorch_lightning.callbacks.EarlyStopping                   
│         monitor: val/acc                                                      
│         min_delta: 0.0                                                        
│         patience: 100                                                         
│         verbose: false                                                        
│         mode: max                                                             
│         strict: true                                                          
│         check_finite: true                                                    
│         stopping_threshold: null                                              
│         divergence_threshold: null                                            
│         check_on_train_epoch_end: null                                        
│       model_summary:                                                          
│         _target_: pytorch_lightning.callbacks.RichModelSummary                
│         max_depth: -1                                                         
│       rich_progress_bar:                                                      
│         _target_: pytorch_lightning.callbacks.RichProgressBar                 
│                                                                               
├── logger
│   └── tensorboard:                                                            
│         _target_: pytorch_lightning.loggers.tensorboard.TensorBoardLogger     
│         save_dir: /content/EML20_session04_assignment/logs/train/runs/2022-10-
│         name: null                                                            
│         log_graph: false                                                      
│         default_hp_metric: true                                               
│         prefix: ''                                                            
│                                                                               
├── trainer
│   └── _target_: pytorch_lightning.Trainer                                     
│       default_root_dir: /content/EML20_session04_assignment/logs/train/runs/20
│       min_epochs: 1                                                           
│       max_epochs: 10                                                          
│       accelerator: gpu                                                        
│       devices: 1                                                              
│       deterministic: false                                                    
│                                                                               
├── paths
│   └── root_dir: /content/EML20_session04_assignment                           
│       data_dir: /content/EML20_session04_assignment/data/                     
│       log_dir: /content/EML20_session04_assignment/logs/                      
│       output_dir: /content/EML20_session04_assignment/logs/train/runs/2022-10-
│       work_dir: /content/EML20_session04_assignment                           
│                                                                               
├── extras
│   └── ignore_warnings: false                                                  
│       enforce_tags: true                                                      
│       print_config: true                                                      
│                                                                               
├── task_name
│   └── train                                                                   
├── tags
│   └── ['cifar10']                                                             
├── train
│   └── True                                                                    
├── test
│   └── True                                                                    
├── ckpt_path
│   └── None                                                                    
└── seed
    └── 12345                                                                   
